<?xml version="1.0" encoding="UTF-8"?>
<testsuite xmlns:xsi="http://www.w3.org/2001/XMLSchema-instance" xsi:noNamespaceSchemaLocation="https://maven.apache.org/surefire/maven-surefire-plugin/xsd/surefire-test-report.xsd" name="junfuTest" time="0.071" tests="1" errors="0" skipped="0" failures="0">
  <properties>
    <property name="sun.desktop" value="windows"/>
    <property name="awt.toolkit" value="sun.awt.windows.WToolkit"/>
    <property name="file.encoding.pkg" value="sun.io"/>
    <property name="java.specification.version" value="1.8"/>
    <property name="sun.cpu.isalist" value="amd64"/>
    <property name="sun.jnu.encoding" value="GBK"/>
    <property name="java.class.path" value="D:\IntelliJIDEAWorkspace\book-transaction\book-transaction-app\target\test-classes;D:\IntelliJIDEAWorkspace\book-transaction\book-transaction-app\target\classes;D:\myMavenFactory\org\projectlombok\lombok\1.18.8\lombok-1.18.8.jar;D:\myMavenFactory\org\springframework\boot\spring-boot-starter-web\2.1.5.RELEASE\spring-boot-starter-web-2.1.5.RELEASE.jar;D:\myMavenFactory\org\springframework\boot\spring-boot-starter\2.1.5.RELEASE\spring-boot-starter-2.1.5.RELEASE.jar;D:\myMavenFactory\org\springframework\boot\spring-boot-starter-logging\2.1.5.RELEASE\spring-boot-starter-logging-2.1.5.RELEASE.jar;D:\myMavenFactory\ch\qos\logback\logback-classic\1.2.3\logback-classic-1.2.3.jar;D:\myMavenFactory\ch\qos\logback\logback-core\1.2.3\logback-core-1.2.3.jar;D:\myMavenFactory\org\apache\logging\log4j\log4j-to-slf4j\2.11.2\log4j-to-slf4j-2.11.2.jar;D:\myMavenFactory\org\apache\logging\log4j\log4j-api\2.11.2\log4j-api-2.11.2.jar;D:\myMavenFactory\org\slf4j\jul-to-slf4j\1.7.26\jul-to-slf4j-1.7.26.jar;D:\myMavenFactory\javax\annotation\javax.annotation-api\1.3.2\javax.annotation-api-1.3.2.jar;D:\myMavenFactory\org\springframework\spring-core\5.1.7.RELEASE\spring-core-5.1.7.RELEASE.jar;D:\myMavenFactory\org\springframework\spring-jcl\5.1.7.RELEASE\spring-jcl-5.1.7.RELEASE.jar;D:\myMavenFactory\org\yaml\snakeyaml\1.23\snakeyaml-1.23.jar;D:\myMavenFactory\org\springframework\boot\spring-boot-starter-json\2.1.5.RELEASE\spring-boot-starter-json-2.1.5.RELEASE.jar;D:\myMavenFactory\com\fasterxml\jackson\core\jackson-databind\2.9.8\jackson-databind-2.9.8.jar;D:\myMavenFactory\com\fasterxml\jackson\core\jackson-core\2.9.8\jackson-core-2.9.8.jar;D:\myMavenFactory\com\fasterxml\jackson\datatype\jackson-datatype-jdk8\2.9.8\jackson-datatype-jdk8-2.9.8.jar;D:\myMavenFactory\com\fasterxml\jackson\datatype\jackson-datatype-jsr310\2.9.8\jackson-datatype-jsr310-2.9.8.jar;D:\myMavenFactory\com\fasterxml\jackson\module\jackson-module-parameter-names\2.9.8\jackson-module-parameter-names-2.9.8.jar;D:\myMavenFactory\org\springframework\boot\spring-boot-starter-tomcat\2.1.5.RELEASE\spring-boot-starter-tomcat-2.1.5.RELEASE.jar;D:\myMavenFactory\org\apache\tomcat\embed\tomcat-embed-core\9.0.19\tomcat-embed-core-9.0.19.jar;D:\myMavenFactory\org\apache\tomcat\embed\tomcat-embed-el\9.0.19\tomcat-embed-el-9.0.19.jar;D:\myMavenFactory\org\apache\tomcat\embed\tomcat-embed-websocket\9.0.19\tomcat-embed-websocket-9.0.19.jar;D:\myMavenFactory\org\hibernate\validator\hibernate-validator\6.0.16.Final\hibernate-validator-6.0.16.Final.jar;D:\myMavenFactory\javax\validation\validation-api\2.0.1.Final\validation-api-2.0.1.Final.jar;D:\myMavenFactory\org\jboss\logging\jboss-logging\3.3.2.Final\jboss-logging-3.3.2.Final.jar;D:\myMavenFactory\org\springframework\spring-web\5.1.7.RELEASE\spring-web-5.1.7.RELEASE.jar;D:\myMavenFactory\org\springframework\spring-beans\5.1.7.RELEASE\spring-beans-5.1.7.RELEASE.jar;D:\myMavenFactory\org\springframework\spring-webmvc\5.1.7.RELEASE\spring-webmvc-5.1.7.RELEASE.jar;D:\myMavenFactory\org\springframework\spring-context\5.1.7.RELEASE\spring-context-5.1.7.RELEASE.jar;D:\myMavenFactory\org\springframework\spring-expression\5.1.7.RELEASE\spring-expression-5.1.7.RELEASE.jar;D:\myMavenFactory\org\springframework\boot\spring-boot-autoconfigure\2.1.5.RELEASE\spring-boot-autoconfigure-2.1.5.RELEASE.jar;D:\myMavenFactory\org\springframework\boot\spring-boot\2.1.5.RELEASE\spring-boot-2.1.5.RELEASE.jar;D:\myMavenFactory\org\springframework\boot\spring-boot-starter-aop\2.1.5.RELEASE\spring-boot-starter-aop-2.1.5.RELEASE.jar;D:\myMavenFactory\org\springframework\spring-aop\5.1.7.RELEASE\spring-aop-5.1.7.RELEASE.jar;D:\myMavenFactory\org\aspectj\aspectjweaver\1.9.4\aspectjweaver-1.9.4.jar;D:\myMavenFactory\org\mybatis\spring\boot\mybatis-spring-boot-starter\2.1.4\mybatis-spring-boot-starter-2.1.4.jar;D:\myMavenFactory\org\springframework\boot\spring-boot-starter-jdbc\2.1.5.RELEASE\spring-boot-starter-jdbc-2.1.5.RELEASE.jar;D:\myMavenFactory\com\zaxxer\HikariCP\3.2.0\HikariCP-3.2.0.jar;D:\myMavenFactory\org\springframework\spring-jdbc\5.1.7.RELEASE\spring-jdbc-5.1.7.RELEASE.jar;D:\myMavenFactory\org\springframework\spring-tx\5.1.7.RELEASE\spring-tx-5.1.7.RELEASE.jar;D:\myMavenFactory\org\mybatis\spring\boot\mybatis-spring-boot-autoconfigure\2.1.4\mybatis-spring-boot-autoconfigure-2.1.4.jar;D:\myMavenFactory\org\mybatis\mybatis\3.5.6\mybatis-3.5.6.jar;D:\myMavenFactory\org\mybatis\mybatis-spring\2.0.6\mybatis-spring-2.0.6.jar;D:\myMavenFactory\tk\mybatis\mapper-spring-boot-starter\2.1.5\mapper-spring-boot-starter-2.1.5.jar;D:\myMavenFactory\tk\mybatis\mapper-core\1.1.5\mapper-core-1.1.5.jar;D:\myMavenFactory\javax\persistence\persistence-api\1.0\persistence-api-1.0.jar;D:\myMavenFactory\tk\mybatis\mapper-base\1.1.5\mapper-base-1.1.5.jar;D:\myMavenFactory\tk\mybatis\mapper-weekend\1.1.5\mapper-weekend-1.1.5.jar;D:\myMavenFactory\tk\mybatis\mapper-spring\1.1.5\mapper-spring-1.1.5.jar;D:\myMavenFactory\tk\mybatis\mapper-extra\1.1.5\mapper-extra-1.1.5.jar;D:\myMavenFactory\tk\mybatis\mapper-spring-boot-autoconfigure\2.1.5\mapper-spring-boot-autoconfigure-2.1.5.jar;D:\myMavenFactory\mysql\mysql-connector-java\8.0.25\mysql-connector-java-8.0.25.jar;D:\myMavenFactory\com\alibaba\druid-spring-boot-starter\1.1.21\druid-spring-boot-starter-1.1.21.jar;D:\myMavenFactory\com\alibaba\druid\1.1.21\druid-1.1.21.jar;D:\myMavenFactory\org\slf4j\slf4j-api\1.7.26\slf4j-api-1.7.26.jar;D:\myMavenFactory\junit\junit\4.12\junit-4.12.jar;D:\myMavenFactory\org\hamcrest\hamcrest-core\1.3\hamcrest-core-1.3.jar;D:\myMavenFactory\cn\hutool\hutool-all\5.8.5\hutool-all-5.8.5.jar;D:\myMavenFactory\com\google\guava\guava\31.1-jre\guava-31.1-jre.jar;D:\myMavenFactory\com\google\guava\failureaccess\1.0.1\failureaccess-1.0.1.jar;D:\myMavenFactory\com\google\guava\listenablefuture\9999.0-empty-to-avoid-conflict-with-guava\listenablefuture-9999.0-empty-to-avoid-conflict-with-guava.jar;D:\myMavenFactory\com\google\code\findbugs\jsr305\3.0.2\jsr305-3.0.2.jar;D:\myMavenFactory\org\checkerframework\checker-qual\3.12.0\checker-qual-3.12.0.jar;D:\myMavenFactory\com\google\errorprone\error_prone_annotations\2.11.0\error_prone_annotations-2.11.0.jar;D:\myMavenFactory\com\google\j2objc\j2objc-annotations\1.3\j2objc-annotations-1.3.jar;D:\myMavenFactory\org\mapstruct\mapstruct\1.5.2.Final\mapstruct-1.5.2.Final.jar;D:\myMavenFactory\org\mapstruct\mapstruct-processor\1.5.2.Final\mapstruct-processor-1.5.2.Final.jar;D:\myMavenFactory\io\springfox\springfox-swagger-ui\2.9.2\springfox-swagger-ui-2.9.2.jar;D:\myMavenFactory\io\springfox\springfox-spring-web\2.9.2\springfox-spring-web-2.9.2.jar;D:\myMavenFactory\io\springfox\springfox-swagger2\2.9.2\springfox-swagger2-2.9.2.jar;D:\myMavenFactory\io\swagger\swagger-annotations\1.5.20\swagger-annotations-1.5.20.jar;D:\myMavenFactory\io\swagger\swagger-models\1.5.20\swagger-models-1.5.20.jar;D:\myMavenFactory\com\fasterxml\jackson\core\jackson-annotations\2.9.0\jackson-annotations-2.9.0.jar;D:\myMavenFactory\io\springfox\springfox-spi\2.9.2\springfox-spi-2.9.2.jar;D:\myMavenFactory\io\springfox\springfox-core\2.9.2\springfox-core-2.9.2.jar;D:\myMavenFactory\net\bytebuddy\byte-buddy\1.9.12\byte-buddy-1.9.12.jar;D:\myMavenFactory\io\springfox\springfox-schema\2.9.2\springfox-schema-2.9.2.jar;D:\myMavenFactory\io\springfox\springfox-swagger-common\2.9.2\springfox-swagger-common-2.9.2.jar;D:\myMavenFactory\com\fasterxml\classmate\1.4.0\classmate-1.4.0.jar;D:\myMavenFactory\org\springframework\plugin\spring-plugin-core\1.2.0.RELEASE\spring-plugin-core-1.2.0.RELEASE.jar;D:\myMavenFactory\org\springframework\plugin\spring-plugin-metadata\1.2.0.RELEASE\spring-plugin-metadata-1.2.0.RELEASE.jar;"/>
    <property name="java.vm.vendor" value="Oracle Corporation"/>
    <property name="sun.arch.data.model" value="64"/>
    <property name="user.variant" value=""/>
    <property name="java.vendor.url" value="http://java.oracle.com/"/>
    <property name="user.timezone" value="Asia/Shanghai"/>
    <property name="java.vm.specification.version" value="1.8"/>
    <property name="os.name" value="Windows 10"/>
    <property name="user.country" value="CN"/>
    <property name="sun.java.launcher" value="SUN_STANDARD"/>
    <property name="sun.boot.library.path" value="C:\Program Files\Java\jdk1.8.0_191\jre\bin"/>
    <property name="sun.java.command" value="C:\Users\Hydsoft\AppData\Local\Temp\surefire3612187388426421625\surefirebooter4646400786848490681.jar C:\Users\Hydsoft\AppData\Local\Temp\surefire3612187388426421625 2023-01-12T16-00-27_805-jvmRun1 surefire1380863281172240126tmp surefire_085556861916436906tmp"/>
    <property name="surefire.test.class.path" value="D:\IntelliJIDEAWorkspace\book-transaction\book-transaction-app\target\test-classes;D:\IntelliJIDEAWorkspace\book-transaction\book-transaction-app\target\classes;D:\myMavenFactory\org\projectlombok\lombok\1.18.8\lombok-1.18.8.jar;D:\myMavenFactory\org\springframework\boot\spring-boot-starter-web\2.1.5.RELEASE\spring-boot-starter-web-2.1.5.RELEASE.jar;D:\myMavenFactory\org\springframework\boot\spring-boot-starter\2.1.5.RELEASE\spring-boot-starter-2.1.5.RELEASE.jar;D:\myMavenFactory\org\springframework\boot\spring-boot-starter-logging\2.1.5.RELEASE\spring-boot-starter-logging-2.1.5.RELEASE.jar;D:\myMavenFactory\ch\qos\logback\logback-classic\1.2.3\logback-classic-1.2.3.jar;D:\myMavenFactory\ch\qos\logback\logback-core\1.2.3\logback-core-1.2.3.jar;D:\myMavenFactory\org\apache\logging\log4j\log4j-to-slf4j\2.11.2\log4j-to-slf4j-2.11.2.jar;D:\myMavenFactory\org\apache\logging\log4j\log4j-api\2.11.2\log4j-api-2.11.2.jar;D:\myMavenFactory\org\slf4j\jul-to-slf4j\1.7.26\jul-to-slf4j-1.7.26.jar;D:\myMavenFactory\javax\annotation\javax.annotation-api\1.3.2\javax.annotation-api-1.3.2.jar;D:\myMavenFactory\org\springframework\spring-core\5.1.7.RELEASE\spring-core-5.1.7.RELEASE.jar;D:\myMavenFactory\org\springframework\spring-jcl\5.1.7.RELEASE\spring-jcl-5.1.7.RELEASE.jar;D:\myMavenFactory\org\yaml\snakeyaml\1.23\snakeyaml-1.23.jar;D:\myMavenFactory\org\springframework\boot\spring-boot-starter-json\2.1.5.RELEASE\spring-boot-starter-json-2.1.5.RELEASE.jar;D:\myMavenFactory\com\fasterxml\jackson\core\jackson-databind\2.9.8\jackson-databind-2.9.8.jar;D:\myMavenFactory\com\fasterxml\jackson\core\jackson-core\2.9.8\jackson-core-2.9.8.jar;D:\myMavenFactory\com\fasterxml\jackson\datatype\jackson-datatype-jdk8\2.9.8\jackson-datatype-jdk8-2.9.8.jar;D:\myMavenFactory\com\fasterxml\jackson\datatype\jackson-datatype-jsr310\2.9.8\jackson-datatype-jsr310-2.9.8.jar;D:\myMavenFactory\com\fasterxml\jackson\module\jackson-module-parameter-names\2.9.8\jackson-module-parameter-names-2.9.8.jar;D:\myMavenFactory\org\springframework\boot\spring-boot-starter-tomcat\2.1.5.RELEASE\spring-boot-starter-tomcat-2.1.5.RELEASE.jar;D:\myMavenFactory\org\apache\tomcat\embed\tomcat-embed-core\9.0.19\tomcat-embed-core-9.0.19.jar;D:\myMavenFactory\org\apache\tomcat\embed\tomcat-embed-el\9.0.19\tomcat-embed-el-9.0.19.jar;D:\myMavenFactory\org\apache\tomcat\embed\tomcat-embed-websocket\9.0.19\tomcat-embed-websocket-9.0.19.jar;D:\myMavenFactory\org\hibernate\validator\hibernate-validator\6.0.16.Final\hibernate-validator-6.0.16.Final.jar;D:\myMavenFactory\javax\validation\validation-api\2.0.1.Final\validation-api-2.0.1.Final.jar;D:\myMavenFactory\org\jboss\logging\jboss-logging\3.3.2.Final\jboss-logging-3.3.2.Final.jar;D:\myMavenFactory\org\springframework\spring-web\5.1.7.RELEASE\spring-web-5.1.7.RELEASE.jar;D:\myMavenFactory\org\springframework\spring-beans\5.1.7.RELEASE\spring-beans-5.1.7.RELEASE.jar;D:\myMavenFactory\org\springframework\spring-webmvc\5.1.7.RELEASE\spring-webmvc-5.1.7.RELEASE.jar;D:\myMavenFactory\org\springframework\spring-context\5.1.7.RELEASE\spring-context-5.1.7.RELEASE.jar;D:\myMavenFactory\org\springframework\spring-expression\5.1.7.RELEASE\spring-expression-5.1.7.RELEASE.jar;D:\myMavenFactory\org\springframework\boot\spring-boot-autoconfigure\2.1.5.RELEASE\spring-boot-autoconfigure-2.1.5.RELEASE.jar;D:\myMavenFactory\org\springframework\boot\spring-boot\2.1.5.RELEASE\spring-boot-2.1.5.RELEASE.jar;D:\myMavenFactory\org\springframework\boot\spring-boot-starter-aop\2.1.5.RELEASE\spring-boot-starter-aop-2.1.5.RELEASE.jar;D:\myMavenFactory\org\springframework\spring-aop\5.1.7.RELEASE\spring-aop-5.1.7.RELEASE.jar;D:\myMavenFactory\org\aspectj\aspectjweaver\1.9.4\aspectjweaver-1.9.4.jar;D:\myMavenFactory\org\mybatis\spring\boot\mybatis-spring-boot-starter\2.1.4\mybatis-spring-boot-starter-2.1.4.jar;D:\myMavenFactory\org\springframework\boot\spring-boot-starter-jdbc\2.1.5.RELEASE\spring-boot-starter-jdbc-2.1.5.RELEASE.jar;D:\myMavenFactory\com\zaxxer\HikariCP\3.2.0\HikariCP-3.2.0.jar;D:\myMavenFactory\org\springframework\spring-jdbc\5.1.7.RELEASE\spring-jdbc-5.1.7.RELEASE.jar;D:\myMavenFactory\org\springframework\spring-tx\5.1.7.RELEASE\spring-tx-5.1.7.RELEASE.jar;D:\myMavenFactory\org\mybatis\spring\boot\mybatis-spring-boot-autoconfigure\2.1.4\mybatis-spring-boot-autoconfigure-2.1.4.jar;D:\myMavenFactory\org\mybatis\mybatis\3.5.6\mybatis-3.5.6.jar;D:\myMavenFactory\org\mybatis\mybatis-spring\2.0.6\mybatis-spring-2.0.6.jar;D:\myMavenFactory\tk\mybatis\mapper-spring-boot-starter\2.1.5\mapper-spring-boot-starter-2.1.5.jar;D:\myMavenFactory\tk\mybatis\mapper-core\1.1.5\mapper-core-1.1.5.jar;D:\myMavenFactory\javax\persistence\persistence-api\1.0\persistence-api-1.0.jar;D:\myMavenFactory\tk\mybatis\mapper-base\1.1.5\mapper-base-1.1.5.jar;D:\myMavenFactory\tk\mybatis\mapper-weekend\1.1.5\mapper-weekend-1.1.5.jar;D:\myMavenFactory\tk\mybatis\mapper-spring\1.1.5\mapper-spring-1.1.5.jar;D:\myMavenFactory\tk\mybatis\mapper-extra\1.1.5\mapper-extra-1.1.5.jar;D:\myMavenFactory\tk\mybatis\mapper-spring-boot-autoconfigure\2.1.5\mapper-spring-boot-autoconfigure-2.1.5.jar;D:\myMavenFactory\mysql\mysql-connector-java\8.0.25\mysql-connector-java-8.0.25.jar;D:\myMavenFactory\com\alibaba\druid-spring-boot-starter\1.1.21\druid-spring-boot-starter-1.1.21.jar;D:\myMavenFactory\com\alibaba\druid\1.1.21\druid-1.1.21.jar;D:\myMavenFactory\org\slf4j\slf4j-api\1.7.26\slf4j-api-1.7.26.jar;D:\myMavenFactory\junit\junit\4.12\junit-4.12.jar;D:\myMavenFactory\org\hamcrest\hamcrest-core\1.3\hamcrest-core-1.3.jar;D:\myMavenFactory\cn\hutool\hutool-all\5.8.5\hutool-all-5.8.5.jar;D:\myMavenFactory\com\google\guava\guava\31.1-jre\guava-31.1-jre.jar;D:\myMavenFactory\com\google\guava\failureaccess\1.0.1\failureaccess-1.0.1.jar;D:\myMavenFactory\com\google\guava\listenablefuture\9999.0-empty-to-avoid-conflict-with-guava\listenablefuture-9999.0-empty-to-avoid-conflict-with-guava.jar;D:\myMavenFactory\com\google\code\findbugs\jsr305\3.0.2\jsr305-3.0.2.jar;D:\myMavenFactory\org\checkerframework\checker-qual\3.12.0\checker-qual-3.12.0.jar;D:\myMavenFactory\com\google\errorprone\error_prone_annotations\2.11.0\error_prone_annotations-2.11.0.jar;D:\myMavenFactory\com\google\j2objc\j2objc-annotations\1.3\j2objc-annotations-1.3.jar;D:\myMavenFactory\org\mapstruct\mapstruct\1.5.2.Final\mapstruct-1.5.2.Final.jar;D:\myMavenFactory\org\mapstruct\mapstruct-processor\1.5.2.Final\mapstruct-processor-1.5.2.Final.jar;D:\myMavenFactory\io\springfox\springfox-swagger-ui\2.9.2\springfox-swagger-ui-2.9.2.jar;D:\myMavenFactory\io\springfox\springfox-spring-web\2.9.2\springfox-spring-web-2.9.2.jar;D:\myMavenFactory\io\springfox\springfox-swagger2\2.9.2\springfox-swagger2-2.9.2.jar;D:\myMavenFactory\io\swagger\swagger-annotations\1.5.20\swagger-annotations-1.5.20.jar;D:\myMavenFactory\io\swagger\swagger-models\1.5.20\swagger-models-1.5.20.jar;D:\myMavenFactory\com\fasterxml\jackson\core\jackson-annotations\2.9.0\jackson-annotations-2.9.0.jar;D:\myMavenFactory\io\springfox\springfox-spi\2.9.2\springfox-spi-2.9.2.jar;D:\myMavenFactory\io\springfox\springfox-core\2.9.2\springfox-core-2.9.2.jar;D:\myMavenFactory\net\bytebuddy\byte-buddy\1.9.12\byte-buddy-1.9.12.jar;D:\myMavenFactory\io\springfox\springfox-schema\2.9.2\springfox-schema-2.9.2.jar;D:\myMavenFactory\io\springfox\springfox-swagger-common\2.9.2\springfox-swagger-common-2.9.2.jar;D:\myMavenFactory\com\fasterxml\classmate\1.4.0\classmate-1.4.0.jar;D:\myMavenFactory\org\springframework\plugin\spring-plugin-core\1.2.0.RELEASE\spring-plugin-core-1.2.0.RELEASE.jar;D:\myMavenFactory\org\springframework\plugin\spring-plugin-metadata\1.2.0.RELEASE\spring-plugin-metadata-1.2.0.RELEASE.jar;"/>
    <property name="sun.cpu.endian" value="little"/>
    <property name="user.home" value="C:\Users\Hydsoft"/>
    <property name="user.language" value="zh"/>
    <property name="java.specification.vendor" value="Oracle Corporation"/>
    <property name="java.home" value="C:\Program Files\Java\jdk1.8.0_191\jre"/>
    <property name="basedir" value="D:\IntelliJIDEAWorkspace\book-transaction\book-transaction-app"/>
    <property name="file.separator" value="\"/>
    <property name="line.separator" value="&#10;"/>
    <property name="java.vm.specification.vendor" value="Oracle Corporation"/>
    <property name="java.specification.name" value="Java Platform API Specification"/>
    <property name="java.awt.graphicsenv" value="sun.awt.Win32GraphicsEnvironment"/>
    <property name="surefire.real.class.path" value="C:\Users\Hydsoft\AppData\Local\Temp\surefire3612187388426421625\surefirebooter4646400786848490681.jar"/>
    <property name="sun.boot.class.path" value="C:\Program Files\Java\jdk1.8.0_191\jre\lib\resources.jar;C:\Program Files\Java\jdk1.8.0_191\jre\lib\rt.jar;C:\Program Files\Java\jdk1.8.0_191\jre\lib\sunrsasign.jar;C:\Program Files\Java\jdk1.8.0_191\jre\lib\jsse.jar;C:\Program Files\Java\jdk1.8.0_191\jre\lib\jce.jar;C:\Program Files\Java\jdk1.8.0_191\jre\lib\charsets.jar;C:\Program Files\Java\jdk1.8.0_191\jre\lib\jfr.jar;C:\Program Files\Java\jdk1.8.0_191\jre\classes"/>
    <property name="user.script" value=""/>
    <property name="sun.management.compiler" value="HotSpot 64-Bit Tiered Compilers"/>
    <property name="java.runtime.version" value="1.8.0_191-b12"/>
    <property name="user.name" value="Hydsoft"/>
    <property name="path.separator" value=";"/>
    <property name="os.version" value="10.0"/>
    <property name="java.endorsed.dirs" value="C:\Program Files\Java\jdk1.8.0_191\jre\lib\endorsed"/>
    <property name="java.runtime.name" value="Java(TM) SE Runtime Environment"/>
    <property name="file.encoding" value="GBK"/>
    <property name="java.vm.name" value="Java HotSpot(TM) 64-Bit Server VM"/>
    <property name="localRepository" value="D:\myMavenFactory"/>
    <property name="java.vendor.url.bug" value="http://bugreport.sun.com/bugreport/"/>
    <property name="java.io.tmpdir" value="C:\Users\Hydsoft\AppData\Local\Temp\"/>
    <property name="idea.version" value="2020.3.1"/>
    <property name="java.version" value="1.8.0_191"/>
    <property name="user.dir" value="D:\IntelliJIDEAWorkspace\book-transaction\book-transaction-app"/>
    <property name="os.arch" value="amd64"/>
    <property name="java.vm.specification.name" value="Java Virtual Machine Specification"/>
    <property name="java.awt.printerjob" value="sun.awt.windows.WPrinterJob"/>
    <property name="sun.os.patch.level" value=""/>
    <property name="java.library.path" value="C:\Program Files\Java\jdk1.8.0_191\jre\bin;C:\Windows\Sun\Java\bin;C:\Windows\system32;C:\Windows;D:\mysql\MySQL Server 8.0\bin;C:\Program Files (x86)\Common Files\Oracle\Java\javapath;D:\apache-tomcat-8.5.35\bin;C:\Windows\system32;C:\Windows;C:\Windows\System32\Wbem;C:\Windows\System32\WindowsPowerShell\v1.0\;C:\Windows\System32\OpenSSH\;C:\Program Files\Git\mingw64\bin;D:\apache-maven-3.8.1\bin;D:\mysql\MySQL Server 8.0\bin;C:\Users\Hydsoft\AppData\Local\Microsoft\WindowsApps;;."/>
    <property name="java.vm.info" value="mixed mode"/>
    <property name="java.vendor" value="Oracle Corporation"/>
    <property name="java.vm.version" value="25.191-b12"/>
    <property name="java.ext.dirs" value="C:\Program Files\Java\jdk1.8.0_191\jre\lib\ext;C:\Windows\Sun\Java\lib\ext"/>
    <property name="sun.io.unicode.encoding" value="UnicodeLittle"/>
    <property name="maven.repo.local" value="D:\myMavenFactory"/>
    <property name="java.class.version" value="52.0"/>
  </properties>
  <testcase name="dateformat" classname="junfuTest" time="0.043"/>
</testsuite>